2025-09-05 09:26:41,215 [Worker-2: Loading available Gradle versions] INFO  o.e.b.c.i.u.g.PublishedGradleVersions - Gradle version information cache is not available. Remote download required.
2025-09-05 09:28:13,113 [Worker-2: Importing Maven projects] INFO  o.e.m.c.i.l.LifecycleMappingFactory - Using org.eclipse.m2e.jdt.JarLifecycleMapping lifecycle mapping for MavenProject: com.wipro:API-GateWay:0.0.1-SNAPSHOT @ C:\Users\Usha_Mora\Desktop\Banking Microservices Application Capstone Project\Backend\Bank\API-GateWay\pom.xml.
2025-09-05 09:28:14,263 [Worker-2: Importing Maven projects] INFO  o.e.m.c.i.l.LifecycleMappingFactory - Using org.eclipse.m2e.jdt.JarLifecycleMapping lifecycle mapping for MavenProject: com.wipro:AccountService:0.0.1-SNAPSHOT @ C:\Users\Usha_Mora\Desktop\Banking Microservices Application Capstone Project\Backend\Bank\AccountService\pom.xml.
2025-09-05 09:28:14,686 [Worker-2: Importing Maven projects] INFO  o.e.m.c.i.l.LifecycleMappingFactory - Using org.eclipse.m2e.jdt.JarLifecycleMapping lifecycle mapping for MavenProject: com.wipro:AuditLogService:0.0.1-SNAPSHOT @ C:\Users\Usha_Mora\Desktop\Banking Microservices Application Capstone Project\Backend\Bank\AuditLogService\pom.xml.
2025-09-05 09:28:14,814 [Worker-2: Importing Maven projects] INFO  o.e.m.c.i.l.LifecycleMappingFactory - Using org.eclipse.m2e.jdt.JarLifecycleMapping lifecycle mapping for MavenProject: com.wipro:CustomerService:0.0.1-SNAPSHOT @ C:\Users\Usha_Mora\Desktop\Banking Microservices Application Capstone Project\Backend\Bank\CustomerService\pom.xml.
2025-09-05 09:28:15,029 [Worker-2: Importing Maven projects] INFO  o.e.m.c.i.l.LifecycleMappingFactory - Using org.eclipse.m2e.jdt.JarLifecycleMapping lifecycle mapping for MavenProject: com.wipro:DiscoveryService:0.0.1-SNAPSHOT @ C:\Users\Usha_Mora\Desktop\Banking Microservices Application Capstone Project\Backend\Bank\DiscoveryService\pom.xml.
2025-09-05 09:28:15,356 [Worker-2: Importing Maven projects] INFO  o.e.m.c.i.l.LifecycleMappingFactory - Using org.eclipse.m2e.jdt.JarLifecycleMapping lifecycle mapping for MavenProject: com.wipro:FeedBackService:0.0.1-SNAPSHOT @ C:\Users\Usha_Mora\Desktop\Banking Microservices Application Capstone Project\Backend\Bank\FeedBackService\pom.xml.
2025-09-05 09:28:15,489 [Worker-2: Importing Maven projects] INFO  o.e.m.c.i.l.LifecycleMappingFactory - Using org.eclipse.m2e.jdt.JarLifecycleMapping lifecycle mapping for MavenProject: com.surya:Email-Service:0.0.1-SNAPSHOT @ C:\Users\Usha_Mora\Desktop\Banking Microservices Application Capstone Project\Backend\Bank\Notification-Service\pom.xml.
2025-09-05 09:28:15,924 [Worker-2: Importing Maven projects] INFO  o.e.m.c.i.l.LifecycleMappingFactory - Using org.eclipse.m2e.jdt.JarLifecycleMapping lifecycle mapping for MavenProject: com.surya:Payment-Service:0.0.1-SNAPSHOT @ C:\Users\Usha_Mora\Desktop\Banking Microservices Application Capstone Project\Backend\Bank\Payment-Service\pom.xml.
2025-09-05 09:28:24,809 [Worker-2: Importing Maven projects] INFO  o.e.m.j.i.AbstractJavaProjectConfigurator - Adding source folder /CustomerService/src/main/java
2025-09-05 09:28:24,815 [Worker-2: Importing Maven projects] INFO  o.e.m.j.i.AbstractJavaProjectConfigurator - Adding resource folder /CustomerService/src/main/resources
2025-09-05 09:28:24,816 [Worker-2: Importing Maven projects] INFO  o.e.m.j.i.AbstractJavaProjectConfigurator - Adding resource folder /CustomerService/src/main/resources
2025-09-05 09:28:24,817 [Worker-2: Importing Maven projects] INFO  o.e.m.j.i.AbstractJavaProjectConfigurator - Adding source folder /CustomerService/src/test/java
2025-09-05 09:28:24,819 [Worker-2: Importing Maven projects] INFO  o.e.m.j.i.AbstractJavaProjectConfigurator - Adding resource folder /CustomerService/src/test/resources
2025-09-05 09:28:26,416 [Worker-2: Importing Maven projects] INFO  o.e.m.j.i.AbstractJavaProjectConfigurator - Adding source folder /DiscoveryService/src/main/java
2025-09-05 09:28:26,419 [Worker-2: Importing Maven projects] INFO  o.e.m.j.i.AbstractJavaProjectConfigurator - Adding resource folder /DiscoveryService/src/main/resources
2025-09-05 09:28:26,421 [Worker-2: Importing Maven projects] INFO  o.e.m.j.i.AbstractJavaProjectConfigurator - Adding resource folder /DiscoveryService/src/main/resources
2025-09-05 09:28:26,422 [Worker-2: Importing Maven projects] INFO  o.e.m.j.i.AbstractJavaProjectConfigurator - Adding source folder /DiscoveryService/src/test/java
2025-09-05 09:28:26,424 [Worker-2: Importing Maven projects] INFO  o.e.m.j.i.AbstractJavaProjectConfigurator - Adding resource folder /DiscoveryService/src/test/resources
2025-09-05 09:28:27,896 [Worker-2: Importing Maven projects] INFO  o.e.m.j.i.AbstractJavaProjectConfigurator - Adding source folder /API-GateWay/src/main/java
2025-09-05 09:28:27,898 [Worker-2: Importing Maven projects] INFO  o.e.m.j.i.AbstractJavaProjectConfigurator - Adding resource folder /API-GateWay/src/main/resources
2025-09-05 09:28:27,900 [Worker-2: Importing Maven projects] INFO  o.e.m.j.i.AbstractJavaProjectConfigurator - Adding resource folder /API-GateWay/src/main/resources
2025-09-05 09:28:27,901 [Worker-2: Importing Maven projects] INFO  o.e.m.j.i.AbstractJavaProjectConfigurator - Adding source folder /API-GateWay/src/test/java
2025-09-05 09:28:27,903 [Worker-2: Importing Maven projects] INFO  o.e.m.j.i.AbstractJavaProjectConfigurator - Adding resource folder /API-GateWay/src/test/resources
2025-09-05 09:28:29,395 [Worker-2: Importing Maven projects] INFO  o.e.m.j.i.AbstractJavaProjectConfigurator - Adding source folder /FeedBackService/src/main/java
2025-09-05 09:28:29,397 [Worker-2: Importing Maven projects] INFO  o.e.m.j.i.AbstractJavaProjectConfigurator - Adding resource folder /FeedBackService/src/main/resources
2025-09-05 09:28:29,399 [Worker-2: Importing Maven projects] INFO  o.e.m.j.i.AbstractJavaProjectConfigurator - Adding resource folder /FeedBackService/src/main/resources
2025-09-05 09:28:29,400 [Worker-2: Importing Maven projects] INFO  o.e.m.j.i.AbstractJavaProjectConfigurator - Adding source folder /FeedBackService/src/test/java
2025-09-05 09:28:29,402 [Worker-2: Importing Maven projects] INFO  o.e.m.j.i.AbstractJavaProjectConfigurator - Adding resource folder /FeedBackService/src/test/resources
2025-09-05 09:28:31,171 [Worker-2: Importing Maven projects] INFO  o.e.m.j.i.AbstractJavaProjectConfigurator - Adding source folder /AuditLogService/src/main/java
2025-09-05 09:28:31,172 [Worker-2: Importing Maven projects] INFO  o.e.m.j.i.AbstractJavaProjectConfigurator - Adding resource folder /AuditLogService/src/main/resources
2025-09-05 09:28:31,175 [Worker-2: Importing Maven projects] INFO  o.e.m.j.i.AbstractJavaProjectConfigurator - Adding resource folder /AuditLogService/src/main/resources
2025-09-05 09:28:31,176 [Worker-2: Importing Maven projects] INFO  o.e.m.j.i.AbstractJavaProjectConfigurator - Adding source folder /AuditLogService/src/test/java
2025-09-05 09:28:31,177 [Worker-2: Importing Maven projects] INFO  o.e.m.j.i.AbstractJavaProjectConfigurator - Adding resource folder /AuditLogService/src/test/resources
2025-09-05 09:28:32,677 [Worker-2: Importing Maven projects] INFO  o.e.m.j.i.AbstractJavaProjectConfigurator - Adding source folder /AccountService/src/main/java
2025-09-05 09:28:32,679 [Worker-2: Importing Maven projects] INFO  o.e.m.j.i.AbstractJavaProjectConfigurator - Adding resource folder /AccountService/src/main/resources
2025-09-05 09:28:32,680 [Worker-2: Importing Maven projects] INFO  o.e.m.j.i.AbstractJavaProjectConfigurator - Adding resource folder /AccountService/src/main/resources
2025-09-05 09:28:32,681 [Worker-2: Importing Maven projects] INFO  o.e.m.j.i.AbstractJavaProjectConfigurator - Adding source folder /AccountService/src/test/java
2025-09-05 09:28:32,682 [Worker-2: Importing Maven projects] INFO  o.e.m.j.i.AbstractJavaProjectConfigurator - Adding resource folder /AccountService/src/test/resources
2025-09-05 09:28:34,485 [Worker-2: Importing Maven projects] INFO  o.e.m.j.i.AbstractJavaProjectConfigurator - Adding source folder /Email-Service/src/main/java
2025-09-05 09:28:34,486 [Worker-2: Importing Maven projects] INFO  o.e.m.j.i.AbstractJavaProjectConfigurator - Adding resource folder /Email-Service/src/main/resources
2025-09-05 09:28:34,489 [Worker-2: Importing Maven projects] INFO  o.e.m.j.i.AbstractJavaProjectConfigurator - Adding resource folder /Email-Service/src/main/resources
2025-09-05 09:28:34,490 [Worker-2: Importing Maven projects] INFO  o.e.m.j.i.AbstractJavaProjectConfigurator - Adding source folder /Email-Service/src/test/java
2025-09-05 09:28:34,491 [Worker-2: Importing Maven projects] INFO  o.e.m.j.i.AbstractJavaProjectConfigurator - Adding resource folder /Email-Service/src/test/resources
2025-09-05 09:28:35,920 [Worker-2: Importing Maven projects] INFO  o.e.m.j.i.AbstractJavaProjectConfigurator - Adding source folder /Payment-Service/src/main/java
2025-09-05 09:28:35,922 [Worker-2: Importing Maven projects] INFO  o.e.m.j.i.AbstractJavaProjectConfigurator - Adding resource folder /Payment-Service/src/main/resources
2025-09-05 09:28:35,923 [Worker-2: Importing Maven projects] INFO  o.e.m.j.i.AbstractJavaProjectConfigurator - Adding resource folder /Payment-Service/src/main/resources
2025-09-05 09:28:35,924 [Worker-2: Importing Maven projects] INFO  o.e.m.j.i.AbstractJavaProjectConfigurator - Adding source folder /Payment-Service/src/test/java
2025-09-05 09:28:35,926 [Worker-2: Importing Maven projects] INFO  o.e.m.j.i.AbstractJavaProjectConfigurator - Adding resource folder /Payment-Service/src/test/resources
2025-09-05 09:28:36,952 [Worker-2: Importing Maven projects] INFO  o.e.m.c.i.p.ProjectConfigurationManager - Imported and configured 8 project(s) in 28 sec
2025-09-05 09:28:37,756 [Worker-6: Updating Maven Project] INFO  o.e.m.c.i.p.ProjectConfigurationManager - Update started
2025-09-05 09:28:42,023 [Worker-6: Updating Maven Project] INFO  o.e.m.c.i.l.LifecycleMappingFactory - Using org.eclipse.m2e.jdt.JarLifecycleMapping lifecycle mapping for MavenProject: com.wipro:API-GateWay:0.0.1-SNAPSHOT @ C:\Users\Usha_Mora\Desktop\Banking Microservices Application Capstone Project\Backend\Bank\API-GateWay\pom.xml.
2025-09-05 09:28:43,916 [Worker-6: Updating Maven Project] INFO  o.e.m.c.i.l.LifecycleMappingFactory - Using org.eclipse.m2e.jdt.JarLifecycleMapping lifecycle mapping for MavenProject: com.wipro:AccountService:0.0.1-SNAPSHOT @ C:\Users\Usha_Mora\Desktop\Banking Microservices Application Capstone Project\Backend\Bank\AccountService\pom.xml.
2025-09-05 09:28:44,242 [Worker-6: Updating Maven Project] INFO  o.e.m.c.i.l.LifecycleMappingFactory - Using org.eclipse.m2e.jdt.JarLifecycleMapping lifecycle mapping for MavenProject: com.wipro:AuditLogService:0.0.1-SNAPSHOT @ C:\Users\Usha_Mora\Desktop\Banking Microservices Application Capstone Project\Backend\Bank\AuditLogService\pom.xml.
2025-09-05 09:28:44,405 [Worker-6: Updating Maven Project] INFO  o.e.m.c.i.l.LifecycleMappingFactory - Using org.eclipse.m2e.jdt.JarLifecycleMapping lifecycle mapping for MavenProject: com.wipro:CustomerService:0.0.1-SNAPSHOT @ C:\Users\Usha_Mora\Desktop\Banking Microservices Application Capstone Project\Backend\Bank\CustomerService\pom.xml.
2025-09-05 09:28:44,668 [Worker-6: Updating Maven Project] INFO  o.e.m.c.i.l.LifecycleMappingFactory - Using org.eclipse.m2e.jdt.JarLifecycleMapping lifecycle mapping for MavenProject: com.wipro:DiscoveryService:0.0.1-SNAPSHOT @ C:\Users\Usha_Mora\Desktop\Banking Microservices Application Capstone Project\Backend\Bank\DiscoveryService\pom.xml.
2025-09-05 09:28:45,118 [Worker-6: Updating Maven Project] INFO  o.e.m.c.i.l.LifecycleMappingFactory - Using org.eclipse.m2e.jdt.JarLifecycleMapping lifecycle mapping for MavenProject: com.surya:Email-Service:0.0.1-SNAPSHOT @ C:\Users\Usha_Mora\Desktop\Banking Microservices Application Capstone Project\Backend\Bank\Notification-Service\pom.xml.
2025-09-05 09:28:45,475 [Worker-6: Updating Maven Project] INFO  o.e.m.c.i.l.LifecycleMappingFactory - Using org.eclipse.m2e.jdt.JarLifecycleMapping lifecycle mapping for MavenProject: com.wipro:FeedBackService:0.0.1-SNAPSHOT @ C:\Users\Usha_Mora\Desktop\Banking Microservices Application Capstone Project\Backend\Bank\FeedBackService\pom.xml.
2025-09-05 09:28:45,654 [Worker-6: Updating Maven Project] INFO  o.e.m.c.i.l.LifecycleMappingFactory - Using org.eclipse.m2e.jdt.JarLifecycleMapping lifecycle mapping for MavenProject: com.surya:Payment-Service:0.0.1-SNAPSHOT @ C:\Users\Usha_Mora\Desktop\Banking Microservices Application Capstone Project\Backend\Bank\Payment-Service\pom.xml.
2025-09-05 09:28:50,268 [Worker-6: Updating Maven Project] INFO  o.e.m.j.i.AbstractJavaProjectConfigurator - Adding source folder /API-GateWay/src/main/java
2025-09-05 09:28:50,269 [Worker-6: Updating Maven Project] INFO  o.e.m.j.i.AbstractJavaProjectConfigurator - Adding resource folder /API-GateWay/src/main/resources
2025-09-05 09:28:50,270 [Worker-6: Updating Maven Project] INFO  o.e.m.j.i.AbstractJavaProjectConfigurator - Adding resource folder /API-GateWay/src/main/resources
2025-09-05 09:28:50,270 [Worker-6: Updating Maven Project] INFO  o.e.m.j.i.AbstractJavaProjectConfigurator - Adding source folder /API-GateWay/src/test/java
2025-09-05 09:28:50,271 [Worker-6: Updating Maven Project] INFO  o.e.m.j.i.AbstractJavaProjectConfigurator - Adding resource folder /API-GateWay/src/test/resources
2025-09-05 09:28:50,690 [Worker-6: Updating Maven Project] INFO  o.e.m.j.i.AbstractJavaProjectConfigurator - Adding source folder /AccountService/src/main/java
2025-09-05 09:28:50,690 [Worker-6: Updating Maven Project] INFO  o.e.m.j.i.AbstractJavaProjectConfigurator - Adding resource folder /AccountService/src/main/resources
2025-09-05 09:28:50,690 [Worker-6: Updating Maven Project] INFO  o.e.m.j.i.AbstractJavaProjectConfigurator - Adding resource folder /AccountService/src/main/resources
2025-09-05 09:28:50,690 [Worker-6: Updating Maven Project] INFO  o.e.m.j.i.AbstractJavaProjectConfigurator - Adding source folder /AccountService/src/test/java
2025-09-05 09:28:50,692 [Worker-6: Updating Maven Project] INFO  o.e.m.j.i.AbstractJavaProjectConfigurator - Adding resource folder /AccountService/src/test/resources
2025-09-05 09:28:51,073 [Worker-6: Updating Maven Project] INFO  o.e.m.j.i.AbstractJavaProjectConfigurator - Adding source folder /AuditLogService/src/main/java
2025-09-05 09:28:51,073 [Worker-6: Updating Maven Project] INFO  o.e.m.j.i.AbstractJavaProjectConfigurator - Adding resource folder /AuditLogService/src/main/resources
2025-09-05 09:28:51,074 [Worker-6: Updating Maven Project] INFO  o.e.m.j.i.AbstractJavaProjectConfigurator - Adding resource folder /AuditLogService/src/main/resources
2025-09-05 09:28:51,074 [Worker-6: Updating Maven Project] INFO  o.e.m.j.i.AbstractJavaProjectConfigurator - Adding source folder /AuditLogService/src/test/java
2025-09-05 09:28:51,074 [Worker-6: Updating Maven Project] INFO  o.e.m.j.i.AbstractJavaProjectConfigurator - Adding resource folder /AuditLogService/src/test/resources
2025-09-05 09:28:51,642 [Worker-6: Updating Maven Project] INFO  o.e.m.j.i.AbstractJavaProjectConfigurator - Adding source folder /CustomerService/src/main/java
2025-09-05 09:28:51,642 [Worker-6: Updating Maven Project] INFO  o.e.m.j.i.AbstractJavaProjectConfigurator - Adding resource folder /CustomerService/src/main/resources
2025-09-05 09:28:51,642 [Worker-6: Updating Maven Project] INFO  o.e.m.j.i.AbstractJavaProjectConfigurator - Adding resource folder /CustomerService/src/main/resources
2025-09-05 09:28:51,642 [Worker-6: Updating Maven Project] INFO  o.e.m.j.i.AbstractJavaProjectConfigurator - Adding source folder /CustomerService/src/test/java
2025-09-05 09:28:51,644 [Worker-6: Updating Maven Project] INFO  o.e.m.j.i.AbstractJavaProjectConfigurator - Adding resource folder /CustomerService/src/test/resources
2025-09-05 09:28:52,052 [Worker-6: Updating Maven Project] INFO  o.e.m.j.i.AbstractJavaProjectConfigurator - Adding source folder /DiscoveryService/src/main/java
2025-09-05 09:28:52,052 [Worker-6: Updating Maven Project] INFO  o.e.m.j.i.AbstractJavaProjectConfigurator - Adding resource folder /DiscoveryService/src/main/resources
2025-09-05 09:28:52,052 [Worker-6: Updating Maven Project] INFO  o.e.m.j.i.AbstractJavaProjectConfigurator - Adding resource folder /DiscoveryService/src/main/resources
2025-09-05 09:28:52,053 [Worker-6: Updating Maven Project] INFO  o.e.m.j.i.AbstractJavaProjectConfigurator - Adding source folder /DiscoveryService/src/test/java
2025-09-05 09:28:52,053 [Worker-6: Updating Maven Project] INFO  o.e.m.j.i.AbstractJavaProjectConfigurator - Adding resource folder /DiscoveryService/src/test/resources
2025-09-05 09:28:52,474 [Worker-6: Updating Maven Project] INFO  o.e.m.j.i.AbstractJavaProjectConfigurator - Adding source folder /Email-Service/src/main/java
2025-09-05 09:28:52,475 [Worker-6: Updating Maven Project] INFO  o.e.m.j.i.AbstractJavaProjectConfigurator - Adding resource folder /Email-Service/src/main/resources
2025-09-05 09:28:52,475 [Worker-6: Updating Maven Project] INFO  o.e.m.j.i.AbstractJavaProjectConfigurator - Adding resource folder /Email-Service/src/main/resources
2025-09-05 09:28:52,475 [Worker-6: Updating Maven Project] INFO  o.e.m.j.i.AbstractJavaProjectConfigurator - Adding source folder /Email-Service/src/test/java
2025-09-05 09:28:52,476 [Worker-6: Updating Maven Project] INFO  o.e.m.j.i.AbstractJavaProjectConfigurator - Adding resource folder /Email-Service/src/test/resources
2025-09-05 09:28:52,801 [Worker-6: Updating Maven Project] INFO  o.e.m.j.i.AbstractJavaProjectConfigurator - Adding source folder /FeedBackService/src/main/java
2025-09-05 09:28:52,802 [Worker-6: Updating Maven Project] INFO  o.e.m.j.i.AbstractJavaProjectConfigurator - Adding resource folder /FeedBackService/src/main/resources
2025-09-05 09:28:52,803 [Worker-6: Updating Maven Project] INFO  o.e.m.j.i.AbstractJavaProjectConfigurator - Adding resource folder /FeedBackService/src/main/resources
2025-09-05 09:28:52,803 [Worker-6: Updating Maven Project] INFO  o.e.m.j.i.AbstractJavaProjectConfigurator - Adding source folder /FeedBackService/src/test/java
2025-09-05 09:28:52,803 [Worker-6: Updating Maven Project] INFO  o.e.m.j.i.AbstractJavaProjectConfigurator - Adding resource folder /FeedBackService/src/test/resources
2025-09-05 09:28:53,189 [Worker-6: Updating Maven Project] INFO  o.e.m.j.i.AbstractJavaProjectConfigurator - Adding source folder /Payment-Service/src/main/java
2025-09-05 09:28:53,189 [Worker-6: Updating Maven Project] INFO  o.e.m.j.i.AbstractJavaProjectConfigurator - Adding resource folder /Payment-Service/src/main/resources
2025-09-05 09:28:53,190 [Worker-6: Updating Maven Project] INFO  o.e.m.j.i.AbstractJavaProjectConfigurator - Adding resource folder /Payment-Service/src/main/resources
2025-09-05 09:28:53,190 [Worker-6: Updating Maven Project] INFO  o.e.m.j.i.AbstractJavaProjectConfigurator - Adding source folder /Payment-Service/src/test/java
2025-09-05 09:28:53,190 [Worker-6: Updating Maven Project] INFO  o.e.m.j.i.AbstractJavaProjectConfigurator - Adding resource folder /Payment-Service/src/test/resources
2025-09-05 09:28:53,807 [Worker-6: Updating Maven Project] INFO  o.e.m.c.i.p.ProjectConfigurationManager - Update completed for 8 poms: local refresh takes 0.00 sec, refresh facades takes 12.00 sec, update config takes 3.00 sec 
2025-09-05 09:29:33,274 [Worker-2: Building] INFO  o.a.m.s.f.DefaultMavenResourcesFiltering - Copying 1 resource from src\main\resources to target\classes
2025-09-05 09:29:33,313 [Worker-2: Building] INFO  o.a.m.s.f.DefaultMavenResourcesFiltering - Copying 0 resource from src\main\resources to target\classes
2025-09-05 09:29:33,320 [Worker-2: Building] INFO  o.a.m.s.f.DefaultMavenResourcesFiltering - skip non existing resourceDirectory C:\Users\Usha_Mora\Desktop\Banking Microservices Application Capstone Project\Backend\Bank\API-GateWay\src\test\resources
2025-09-05 09:29:34,013 [Worker-2: Building] INFO  o.a.m.s.f.DefaultMavenResourcesFiltering - Copying 1 resource from src\main\resources to target\classes
2025-09-05 09:29:34,040 [Worker-2: Building] INFO  o.a.m.s.f.DefaultMavenResourcesFiltering - Copying 0 resource from src\main\resources to target\classes
2025-09-05 09:29:34,044 [Worker-2: Building] INFO  o.a.m.s.f.DefaultMavenResourcesFiltering - skip non existing resourceDirectory C:\Users\Usha_Mora\Desktop\Banking Microservices Application Capstone Project\Backend\Bank\AccountService\src\test\resources
2025-09-05 09:29:34,409 [Worker-2: Building] INFO  o.a.m.s.f.DefaultMavenResourcesFiltering - Copying 1 resource from src\main\resources to target\classes
2025-09-05 09:29:34,430 [Worker-2: Building] INFO  o.a.m.s.f.DefaultMavenResourcesFiltering - Copying 0 resource from src\main\resources to target\classes
2025-09-05 09:29:34,434 [Worker-2: Building] INFO  o.a.m.s.f.DefaultMavenResourcesFiltering - skip non existing resourceDirectory C:\Users\Usha_Mora\Desktop\Banking Microservices Application Capstone Project\Backend\Bank\AuditLogService\src\test\resources
2025-09-05 09:29:34,711 [Worker-2: Building] INFO  o.a.m.s.f.DefaultMavenResourcesFiltering - Copying 1 resource from src\main\resources to target\classes
2025-09-05 09:29:34,723 [Worker-2: Building] INFO  o.a.m.s.f.DefaultMavenResourcesFiltering - Copying 0 resource from src\main\resources to target\classes
2025-09-05 09:29:34,726 [Worker-2: Building] INFO  o.a.m.s.f.DefaultMavenResourcesFiltering - skip non existing resourceDirectory C:\Users\Usha_Mora\Desktop\Banking Microservices Application Capstone Project\Backend\Bank\CustomerService\src\test\resources
2025-09-05 09:29:34,922 [Worker-2: Building] INFO  o.a.m.s.f.DefaultMavenResourcesFiltering - Copying 1 resource from src\main\resources to target\classes
2025-09-05 09:29:34,934 [Worker-2: Building] INFO  o.a.m.s.f.DefaultMavenResourcesFiltering - Copying 0 resource from src\main\resources to target\classes
2025-09-05 09:29:34,939 [Worker-2: Building] INFO  o.a.m.s.f.DefaultMavenResourcesFiltering - skip non existing resourceDirectory C:\Users\Usha_Mora\Desktop\Banking Microservices Application Capstone Project\Backend\Bank\DiscoveryService\src\test\resources
2025-09-05 09:29:35,127 [Worker-2: Building] INFO  o.a.m.s.f.DefaultMavenResourcesFiltering - Copying 1 resource from src\main\resources to target\classes
2025-09-05 09:29:35,144 [Worker-2: Building] INFO  o.a.m.s.f.DefaultMavenResourcesFiltering - Copying 0 resource from src\main\resources to target\classes
2025-09-05 09:29:35,148 [Worker-2: Building] INFO  o.a.m.s.f.DefaultMavenResourcesFiltering - skip non existing resourceDirectory C:\Users\Usha_Mora\Desktop\Banking Microservices Application Capstone Project\Backend\Bank\Notification-Service\src\test\resources
2025-09-05 09:29:35,458 [Worker-2: Building] INFO  o.a.m.s.f.DefaultMavenResourcesFiltering - Copying 1 resource from src\main\resources to target\classes
2025-09-05 09:29:35,485 [Worker-2: Building] INFO  o.a.m.s.f.DefaultMavenResourcesFiltering - Copying 0 resource from src\main\resources to target\classes
2025-09-05 09:29:35,492 [Worker-2: Building] INFO  o.a.m.s.f.DefaultMavenResourcesFiltering - skip non existing resourceDirectory C:\Users\Usha_Mora\Desktop\Banking Microservices Application Capstone Project\Backend\Bank\FeedBackService\src\test\resources
2025-09-05 09:29:35,760 [Worker-2: Building] INFO  o.a.m.s.f.DefaultMavenResourcesFiltering - Copying 1 resource from src\main\resources to target\classes
2025-09-05 09:29:35,774 [Worker-2: Building] INFO  o.a.m.s.f.DefaultMavenResourcesFiltering - Copying 0 resource from src\main\resources to target\classes
2025-09-05 09:29:35,779 [Worker-2: Building] INFO  o.a.m.s.f.DefaultMavenResourcesFiltering - skip non existing resourceDirectory C:\Users\Usha_Mora\Desktop\Banking Microservices Application Capstone Project\Backend\Bank\Payment-Service\src\test\resources
2025-09-05 09:30:12,260 [Worker-11: Building] INFO  o.a.m.s.f.DefaultMavenResourcesFiltering - Copying 1 resource from src\main\resources to target\classes
2025-09-05 09:30:12,266 [Worker-11: Building] INFO  o.a.m.s.f.DefaultMavenResourcesFiltering - Copying 0 resource from src\main\resources to target\classes
2025-09-05 09:30:12,270 [Worker-11: Building] INFO  o.a.m.s.f.DefaultMavenResourcesFiltering - skip non existing resourceDirectory C:\Users\Usha_Mora\Desktop\Banking Microservices Application Capstone Project\Backend\Bank\API-GateWay\src\test\resources
2025-09-05 09:30:44,004 [Worker-6: Building] INFO  o.a.m.s.f.DefaultMavenResourcesFiltering - Copying 1 resource from src\main\resources to target\classes
2025-09-05 09:30:44,007 [Worker-6: Building] INFO  o.a.m.s.f.DefaultMavenResourcesFiltering - Copying 0 resource from src\main\resources to target\classes
2025-09-05 09:30:44,010 [Worker-6: Building] INFO  o.a.m.s.f.DefaultMavenResourcesFiltering - skip non existing resourceDirectory C:\Users\Usha_Mora\Desktop\Banking Microservices Application Capstone Project\Backend\Bank\AuditLogService\src\test\resources
2025-09-05 09:31:16,376 [Worker-11: Building] INFO  o.a.m.s.f.DefaultMavenResourcesFiltering - Copying 1 resource from src\main\resources to target\classes
2025-09-05 09:31:16,381 [Worker-11: Building] INFO  o.a.m.s.f.DefaultMavenResourcesFiltering - Copying 0 resource from src\main\resources to target\classes
2025-09-05 09:31:16,385 [Worker-11: Building] INFO  o.a.m.s.f.DefaultMavenResourcesFiltering - skip non existing resourceDirectory C:\Users\Usha_Mora\Desktop\Banking Microservices Application Capstone Project\Backend\Bank\CustomerService\src\test\resources
2025-09-05 09:32:03,529 [Worker-4: Building] INFO  o.a.m.s.f.DefaultMavenResourcesFiltering - Copying 1 resource from src\main\resources to target\classes
2025-09-05 09:32:03,534 [Worker-4: Building] INFO  o.a.m.s.f.DefaultMavenResourcesFiltering - Copying 0 resource from src\main\resources to target\classes
2025-09-05 09:32:03,537 [Worker-4: Building] INFO  o.a.m.s.f.DefaultMavenResourcesFiltering - skip non existing resourceDirectory C:\Users\Usha_Mora\Desktop\Banking Microservices Application Capstone Project\Backend\Bank\DiscoveryService\src\test\resources
2025-09-05 09:33:31,865 [Worker-4: Building] INFO  o.a.m.s.f.DefaultMavenResourcesFiltering - Copying 1 resource from src\main\resources to target\classes
2025-09-05 09:33:31,869 [Worker-4: Building] INFO  o.a.m.s.f.DefaultMavenResourcesFiltering - Copying 0 resource from src\main\resources to target\classes
2025-09-05 09:33:31,872 [Worker-4: Building] INFO  o.a.m.s.f.DefaultMavenResourcesFiltering - skip non existing resourceDirectory C:\Users\Usha_Mora\Desktop\Banking Microservices Application Capstone Project\Backend\Bank\Notification-Service\src\test\resources
2025-09-05 09:34:04,464 [Worker-11: Building] INFO  o.a.m.s.f.DefaultMavenResourcesFiltering - Copying 1 resource from src\main\resources to target\classes
2025-09-05 09:34:04,469 [Worker-11: Building] INFO  o.a.m.s.f.DefaultMavenResourcesFiltering - Copying 0 resource from src\main\resources to target\classes
2025-09-05 09:34:04,472 [Worker-11: Building] INFO  o.a.m.s.f.DefaultMavenResourcesFiltering - skip non existing resourceDirectory C:\Users\Usha_Mora\Desktop\Banking Microservices Application Capstone Project\Backend\Bank\FeedBackService\src\test\resources
2025-09-05 09:34:28,829 [Worker-0: Building] INFO  o.a.m.s.f.DefaultMavenResourcesFiltering - Copying 1 resource from src\main\resources to target\classes
2025-09-05 09:34:28,832 [Worker-0: Building] INFO  o.a.m.s.f.DefaultMavenResourcesFiltering - Copying 0 resource from src\main\resources to target\classes
2025-09-05 09:34:28,834 [Worker-0: Building] INFO  o.a.m.s.f.DefaultMavenResourcesFiltering - skip non existing resourceDirectory C:\Users\Usha_Mora\Desktop\Banking Microservices Application Capstone Project\Backend\Bank\Payment-Service\src\test\resources
